<?xml version="1.0" encoding="UTF-8" ?>
<testsuite failures="0" time="1.88" errors="0" skipped="0" tests="2" name="org.apache.stanbol.ontologymanager.web.JettyServerTest">
  <properties>
    <property name="java.runtime.name" value="Java(TM) SE Runtime Environment"/>
    <property name="sun.boot.library.path" value="/System/Library/Java/JavaVirtualMachines/1.6.0.jdk/Contents/Libraries"/>
    <property name="java.vm.version" value="19.1-b02-334"/>
    <property name="awt.nativeDoubleBuffering" value="true"/>
    <property name="gopherProxySet" value="false"/>
    <property name="mrj.build" value="9M3326"/>
    <property name="java.vm.vendor" value="Apple Inc."/>
    <property name="java.vendor.url" value="http://www.apple.com/"/>
    <property name="path.separator" value=":"/>
    <property name="java.vm.name" value="Java HotSpot(TM) 64-Bit Server VM"/>
    <property name="file.encoding.pkg" value="sun.io"/>
    <property name="user.country" value="US"/>
    <property name="sun.java.launcher" value="SUN_STANDARD"/>
    <property name="sun.os.patch.level" value="unknown"/>
    <property name="java.vm.specification.name" value="Java Virtual Machine Specification"/>
    <property name="user.dir" value="/Users/alessandro/workspaces/IKS/stanbol/ontologymanager/web"/>
    <property name="java.runtime.version" value="1.6.0_24-b07-334-9M3326"/>
    <property name="java.awt.graphicsenv" value="apple.awt.CGraphicsEnvironment"/>
    <property name="basedir" value="/Users/alessandro/workspaces/IKS/stanbol/ontologymanager/web"/>
    <property name="java.endorsed.dirs" value="/System/Library/Java/JavaVirtualMachines/1.6.0.jdk/Contents/Home/lib/endorsed"/>
    <property name="os.arch" value="x86_64"/>
    <property name="surefire.real.class.path" value="/Users/alessandro/workspaces/IKS/stanbol/ontologymanager/web/target/surefire/surefirebooter3053705842423359111.jar"/>
    <property name="sling.url" value="http://localhost:8080/system/console"/>
    <property name="java.io.tmpdir" value="/var/folders/3e/3eQtCMqcGiG79mbLhdO8N++++TI/-Tmp-/"/>
    <property name="line.separator" value="
"/>
    <property name="java.vm.specification.vendor" value="Sun Microsystems Inc."/>
    <property name="os.name" value="Mac OS X"/>
    <property name="sun.jnu.encoding" value="MacRoman"/>
    <property name="java.library.path" value=".:/Library/Java/Extensions:/System/Library/Java/Extensions:/usr/lib/java"/>
    <property name="surefire.test.class.path" value="/Users/alessandro/workspaces/IKS/stanbol/ontologymanager/web/target/test-classes:/Users/alessandro/workspaces/IKS/stanbol/ontologymanager/web/target/classes:/Users/alessandro/.m2/repository/org/apache/clerezza/org.apache.clerezza.rdf.core/0.12-incubating-SNAPSHOT/org.apache.clerezza.rdf.core-0.12-incubating-SNAPSHOT.jar:/Users/alessandro/.m2/repository/org/osgi/org.osgi.core/4.1.0/org.osgi.core-4.1.0.jar:/Users/alessandro/.m2/repository/org/osgi/org.osgi.compendium/4.1.0/org.osgi.compendium-4.1.0.jar:/Users/alessandro/.m2/repository/org/apache/felix/org.apache.felix.scr.annotations/1.2.0/org.apache.felix.scr.annotations-1.2.0.jar:/Users/alessandro/.m2/repository/org/apache/clerezza/org.apache.clerezza.utils/0.1-incubating-SNAPSHOT/org.apache.clerezza.utils-0.1-incubating-SNAPSHOT.jar:/Users/alessandro/.m2/repository/org/apache/httpcomponents/httpcore/4.0/httpcore-4.0.jar:/Users/alessandro/.m2/repository/org/wymiwyg/wymiwyg-commons-core/0.7.5/wymiwyg-commons-core-0.7.5.jar:/Users/alessandro/.m2/repository/commons-logging/commons-logging-api/1.1/commons-logging-api-1.1.jar:/Users/alessandro/.m2/repository/javax/activation/activation/1.1/activation-1.1.jar:/Users/alessandro/.m2/repository/com/ibm/icu/icu4j/3.4.4/icu4j-3.4.4.jar:/Users/alessandro/.m2/repository/org/slf4j/slf4j-api/1.5.2/slf4j-api-1.5.2.jar:/Users/alessandro/.m2/repository/org/apache/clerezza/org.apache.clerezza.rdf.rdfjson/0.3-incubating-SNAPSHOT/org.apache.clerezza.rdf.rdfjson-0.3-incubating-SNAPSHOT.jar:/Users/alessandro/.m2/repository/org/apache/clerezza/ext/org.json.simple/0.3-incubating-SNAPSHOT/org.json.simple-0.3-incubating-SNAPSHOT.jar:/Users/alessandro/.m2/repository/com/googlecode/json-simple/json-simple/1.1/json-simple-1.1.jar:/Users/alessandro/.m2/repository/org/apache/clerezza/org.apache.clerezza.jaxrs.rdf.providers/0.13-incubating-SNAPSHOT/org.apache.clerezza.jaxrs.rdf.providers-0.13-incubating-SNAPSHOT.jar:/Users/alessandro/.m2/repository/org/apache/clerezza/org.apache.clerezza.rdf.utils/0.13-incubating-SNAPSHOT/org.apache.clerezza.rdf.utils-0.13-incubating-SNAPSHOT.jar:/Users/alessandro/.m2/repository/org/apache/clerezza/org.apache.clerezza.rdf.ontologies/0.11-incubating-SNAPSHOT/org.apache.clerezza.rdf.ontologies-0.11-incubating-SNAPSHOT.jar:/Users/alessandro/.m2/repository/org/apache/clerezza/org.apache.clerezza.rdf.core.test/0.13-incubating-SNAPSHOT/org.apache.clerezza.rdf.core.test-0.13-incubating-SNAPSHOT.jar:/Users/alessandro/.m2/repository/junit/junit/4.7/junit-4.7.jar:/Users/alessandro/.m2/repository/commons-lang/commons-lang/2.4/commons-lang-2.4.jar:/Users/alessandro/.m2/repository/javax/ws/rs/jsr311-api/1.1.1/jsr311-api-1.1.1.jar:/Users/alessandro/.m2/repository/org/apache/clerezza/org.apache.clerezza.rdf.jena.serializer/0.9-incubating-SNAPSHOT/org.apache.clerezza.rdf.jena.serializer-0.9-incubating-SNAPSHOT.jar:/Users/alessandro/.m2/repository/org/apache/clerezza/org.apache.clerezza.rdf.jena.facade/0.12-incubating-SNAPSHOT/org.apache.clerezza.rdf.jena.facade-0.12-incubating-SNAPSHOT.jar:/Users/alessandro/.m2/repository/org/apache/clerezza/org.apache.clerezza.rdf.jena.commons/0.5-incubating-SNAPSHOT/org.apache.clerezza.rdf.jena.commons-0.5-incubating-SNAPSHOT.jar:/Users/alessandro/.m2/repository/com/hp/hpl/jena/jena/2.6.2/jena-2.6.2.jar:/Users/alessandro/.m2/repository/com/hp/hpl/jena/iri/0.7/iri-0.7.jar:/Users/alessandro/.m2/repository/xerces/xercesImpl/2.7.1/xercesImpl-2.7.1.jar:/Users/alessandro/.m2/repository/log4j/log4j/1.2.13/log4j-1.2.13.jar:/Users/alessandro/.m2/repository/com/sun/jersey/jersey-server/1.1.5.1/jersey-server-1.1.5.1.jar:/Users/alessandro/.m2/repository/com/sun/jersey/jersey-core/1.1.5.1/jersey-core-1.1.5.1.jar:/Users/alessandro/.m2/repository/asm/asm/3.1/asm-3.1.jar:/Users/alessandro/.m2/repository/com/sun/jersey/jersey-json/1.1.5.1/jersey-json-1.1.5.1.jar:/Users/alessandro/.m2/repository/org/codehaus/jettison/jettison/1.2/jettison-1.2.jar:/Users/alessandro/.m2/repository/org/codehaus/jackson/jackson-core-asl/1.1.1/jackson-core-asl-1.1.1.jar:/Users/alessandro/.m2/repository/javax/servlet/servlet-api/2.4/servlet-api-2.4.jar:/Users/alessandro/.m2/repository/org/freemarker/freemarker/2.3.9/freemarker-2.3.9.jar:/Users/alessandro/.m2/repository/stax/stax-api/1.0.1/stax-api-1.0.1.jar:/Users/alessandro/.m2/repository/org/mortbay/jetty/jetty/6.1.22/jetty-6.1.22.jar:/Users/alessandro/.m2/repository/org/mortbay/jetty/jetty-util/6.1.22/jetty-util-6.1.22.jar:/Users/alessandro/.m2/repository/org/mortbay/jetty/servlet-api/2.5-20081211/servlet-api-2.5-20081211.jar:/Users/alessandro/.m2/repository/commons-io/commons-io/1.4/commons-io-1.4.jar:/Users/alessandro/.m2/repository/org/apache/stanbol/org.apache.stanbol.commons.web.base/0.9-SNAPSHOT/org.apache.stanbol.commons.web.base-0.9-SNAPSHOT.jar:/Users/alessandro/.m2/repository/org/apache/stanbol/org.apache.stanbol.ontologymanager.ontonet/0.9-SNAPSHOT/org.apache.stanbol.ontologymanager.ontonet-0.9-SNAPSHOT.jar:/Users/alessandro/.m2/repository/org/apache/stanbol/org.apache.stanbol.owl/0.9-SNAPSHOT/org.apache.stanbol.owl-0.9-SNAPSHOT.jar:/Users/alessandro/.m2/repository/org/apache/felix/org.osgi.core/1.4.0/org.osgi.core-1.4.0.jar:/Users/alessandro/.m2/repository/owlapi/owlapi/3.0.0/owlapi-3.0.0.jar:/Users/alessandro/.m2/repository/org/apache/stanbol/org.apache.stanbol.ontologymanager.store.api/0.9-SNAPSHOT/org.apache.stanbol.ontologymanager.store.api-0.9-SNAPSHOT.jar:/Users/alessandro/.m2/repository/org/slf4j/slf4j-simple/1.5.2/slf4j-simple-1.5.2.jar:/Users/alessandro/.m2/repository/org/mockito/mockito-all/1.6/mockito-all-1.6.jar:/Users/alessandro/.m2/repository/com/sun/jersey/jersey-client/1.1.5.1/jersey-client-1.1.5.1.jar:/Users/alessandro/.m2/repository/org/ops4j/pax/exam/pax-exam/1.2.0/pax-exam-1.2.0.jar:/Users/alessandro/.m2/repository/org/ops4j/base/ops4j-base-lang/1.2.1/ops4j-base-lang-1.2.1.jar:/Users/alessandro/.m2/repository/org/ops4j/base/ops4j-base-store/1.2.1/ops4j-base-store-1.2.1.jar:/Users/alessandro/.m2/repository/org/ops4j/base/ops4j-base-io/1.2.1/ops4j-base-io-1.2.1.jar:/Users/alessandro/.m2/repository/org/ops4j/base/ops4j-base-monitors/1.2.1/ops4j-base-monitors-1.2.1.jar:/Users/alessandro/.m2/repository/org/ops4j/pax/exam/pax-exam-junit/1.2.0/pax-exam-junit-1.2.0.jar:/Users/alessandro/.m2/repository/org/ops4j/pax/exam/pax-exam-runtime/1.2.0/pax-exam-runtime-1.2.0.jar:/Users/alessandro/.m2/repository/org/ops4j/pax/exam/pax-exam-spi/1.2.0/pax-exam-spi-1.2.0.jar:/Users/alessandro/.m2/repository/commons-discovery/commons-discovery/0.4/commons-discovery-0.4.jar:/Users/alessandro/.m2/repository/commons-logging/commons-logging/1.1.1/commons-logging-1.1.1.jar:/Users/alessandro/.m2/repository/org/ops4j/pax/exam/pax-exam-junit-extender/1.2.0/pax-exam-junit-extender-1.2.0.jar:/Users/alessandro/.m2/repository/org/ops4j/pax/exam/pax-exam-container-default/1.2.0/pax-exam-container-default-1.2.0.jar:/Users/alessandro/.m2/repository/org/ops4j/pax/exam/pax-exam-container-rbc-client/1.2.0/pax-exam-container-rbc-client-1.2.0.jar:/Users/alessandro/.m2/repository/org/ops4j/pax/exam/pax-exam-container-rbc/1.2.0/pax-exam-container-rbc-1.2.0.jar:/Users/alessandro/.m2/repository/org/ops4j/base/ops4j-base-net/1.2.1/ops4j-base-net-1.2.1.jar:/Users/alessandro/.m2/repository/org/ops4j/pax/runner/pax-runner-no-jcl/1.3.0/pax-runner-no-jcl-1.3.0.jar:"/>
    <property name="java.specification.name" value="Java Platform API Specification"/>
    <property name="java.class.version" value="50.0"/>
    <property name="sun.management.compiler" value="HotSpot 64-Bit Server Compiler"/>
    <property name="os.version" value="10.5.8"/>
    <property name="http.nonProxyHosts" value="local|*.local|169.254/16|*.169.254/16"/>
    <property name="user.home" value="/Users/alessandro"/>
    <property name="user.timezone" value=""/>
    <property name="java.awt.printerjob" value="apple.awt.CPrinterJob"/>
    <property name="java.specification.version" value="1.6"/>
    <property name="file.encoding" value="MacRoman"/>
    <property name="user.name" value="alessandro"/>
    <property name="java.class.path" value="/Users/alessandro/workspaces/IKS/stanbol/ontologymanager/web/target/test-classes:/Users/alessandro/workspaces/IKS/stanbol/ontologymanager/web/target/classes:/Users/alessandro/.m2/repository/org/apache/clerezza/org.apache.clerezza.rdf.core/0.12-incubating-SNAPSHOT/org.apache.clerezza.rdf.core-0.12-incubating-SNAPSHOT.jar:/Users/alessandro/.m2/repository/org/osgi/org.osgi.core/4.1.0/org.osgi.core-4.1.0.jar:/Users/alessandro/.m2/repository/org/osgi/org.osgi.compendium/4.1.0/org.osgi.compendium-4.1.0.jar:/Users/alessandro/.m2/repository/org/apache/felix/org.apache.felix.scr.annotations/1.2.0/org.apache.felix.scr.annotations-1.2.0.jar:/Users/alessandro/.m2/repository/org/apache/clerezza/org.apache.clerezza.utils/0.1-incubating-SNAPSHOT/org.apache.clerezza.utils-0.1-incubating-SNAPSHOT.jar:/Users/alessandro/.m2/repository/org/apache/httpcomponents/httpcore/4.0/httpcore-4.0.jar:/Users/alessandro/.m2/repository/org/wymiwyg/wymiwyg-commons-core/0.7.5/wymiwyg-commons-core-0.7.5.jar:/Users/alessandro/.m2/repository/commons-logging/commons-logging-api/1.1/commons-logging-api-1.1.jar:/Users/alessandro/.m2/repository/javax/activation/activation/1.1/activation-1.1.jar:/Users/alessandro/.m2/repository/com/ibm/icu/icu4j/3.4.4/icu4j-3.4.4.jar:/Users/alessandro/.m2/repository/org/slf4j/slf4j-api/1.5.2/slf4j-api-1.5.2.jar:/Users/alessandro/.m2/repository/org/apache/clerezza/org.apache.clerezza.rdf.rdfjson/0.3-incubating-SNAPSHOT/org.apache.clerezza.rdf.rdfjson-0.3-incubating-SNAPSHOT.jar:/Users/alessandro/.m2/repository/org/apache/clerezza/ext/org.json.simple/0.3-incubating-SNAPSHOT/org.json.simple-0.3-incubating-SNAPSHOT.jar:/Users/alessandro/.m2/repository/com/googlecode/json-simple/json-simple/1.1/json-simple-1.1.jar:/Users/alessandro/.m2/repository/org/apache/clerezza/org.apache.clerezza.jaxrs.rdf.providers/0.13-incubating-SNAPSHOT/org.apache.clerezza.jaxrs.rdf.providers-0.13-incubating-SNAPSHOT.jar:/Users/alessandro/.m2/repository/org/apache/clerezza/org.apache.clerezza.rdf.utils/0.13-incubating-SNAPSHOT/org.apache.clerezza.rdf.utils-0.13-incubating-SNAPSHOT.jar:/Users/alessandro/.m2/repository/org/apache/clerezza/org.apache.clerezza.rdf.ontologies/0.11-incubating-SNAPSHOT/org.apache.clerezza.rdf.ontologies-0.11-incubating-SNAPSHOT.jar:/Users/alessandro/.m2/repository/org/apache/clerezza/org.apache.clerezza.rdf.core.test/0.13-incubating-SNAPSHOT/org.apache.clerezza.rdf.core.test-0.13-incubating-SNAPSHOT.jar:/Users/alessandro/.m2/repository/junit/junit/4.7/junit-4.7.jar:/Users/alessandro/.m2/repository/commons-lang/commons-lang/2.4/commons-lang-2.4.jar:/Users/alessandro/.m2/repository/javax/ws/rs/jsr311-api/1.1.1/jsr311-api-1.1.1.jar:/Users/alessandro/.m2/repository/org/apache/clerezza/org.apache.clerezza.rdf.jena.serializer/0.9-incubating-SNAPSHOT/org.apache.clerezza.rdf.jena.serializer-0.9-incubating-SNAPSHOT.jar:/Users/alessandro/.m2/repository/org/apache/clerezza/org.apache.clerezza.rdf.jena.facade/0.12-incubating-SNAPSHOT/org.apache.clerezza.rdf.jena.facade-0.12-incubating-SNAPSHOT.jar:/Users/alessandro/.m2/repository/org/apache/clerezza/org.apache.clerezza.rdf.jena.commons/0.5-incubating-SNAPSHOT/org.apache.clerezza.rdf.jena.commons-0.5-incubating-SNAPSHOT.jar:/Users/alessandro/.m2/repository/com/hp/hpl/jena/jena/2.6.2/jena-2.6.2.jar:/Users/alessandro/.m2/repository/com/hp/hpl/jena/iri/0.7/iri-0.7.jar:/Users/alessandro/.m2/repository/xerces/xercesImpl/2.7.1/xercesImpl-2.7.1.jar:/Users/alessandro/.m2/repository/log4j/log4j/1.2.13/log4j-1.2.13.jar:/Users/alessandro/.m2/repository/com/sun/jersey/jersey-server/1.1.5.1/jersey-server-1.1.5.1.jar:/Users/alessandro/.m2/repository/com/sun/jersey/jersey-core/1.1.5.1/jersey-core-1.1.5.1.jar:/Users/alessandro/.m2/repository/asm/asm/3.1/asm-3.1.jar:/Users/alessandro/.m2/repository/com/sun/jersey/jersey-json/1.1.5.1/jersey-json-1.1.5.1.jar:/Users/alessandro/.m2/repository/org/codehaus/jettison/jettison/1.2/jettison-1.2.jar:/Users/alessandro/.m2/repository/org/codehaus/jackson/jackson-core-asl/1.1.1/jackson-core-asl-1.1.1.jar:/Users/alessandro/.m2/repository/javax/servlet/servlet-api/2.4/servlet-api-2.4.jar:/Users/alessandro/.m2/repository/org/freemarker/freemarker/2.3.9/freemarker-2.3.9.jar:/Users/alessandro/.m2/repository/stax/stax-api/1.0.1/stax-api-1.0.1.jar:/Users/alessandro/.m2/repository/org/mortbay/jetty/jetty/6.1.22/jetty-6.1.22.jar:/Users/alessandro/.m2/repository/org/mortbay/jetty/jetty-util/6.1.22/jetty-util-6.1.22.jar:/Users/alessandro/.m2/repository/org/mortbay/jetty/servlet-api/2.5-20081211/servlet-api-2.5-20081211.jar:/Users/alessandro/.m2/repository/commons-io/commons-io/1.4/commons-io-1.4.jar:/Users/alessandro/.m2/repository/org/apache/stanbol/org.apache.stanbol.commons.web.base/0.9-SNAPSHOT/org.apache.stanbol.commons.web.base-0.9-SNAPSHOT.jar:/Users/alessandro/.m2/repository/org/apache/stanbol/org.apache.stanbol.ontologymanager.ontonet/0.9-SNAPSHOT/org.apache.stanbol.ontologymanager.ontonet-0.9-SNAPSHOT.jar:/Users/alessandro/.m2/repository/org/apache/stanbol/org.apache.stanbol.owl/0.9-SNAPSHOT/org.apache.stanbol.owl-0.9-SNAPSHOT.jar:/Users/alessandro/.m2/repository/org/apache/felix/org.osgi.core/1.4.0/org.osgi.core-1.4.0.jar:/Users/alessandro/.m2/repository/owlapi/owlapi/3.0.0/owlapi-3.0.0.jar:/Users/alessandro/.m2/repository/org/apache/stanbol/org.apache.stanbol.ontologymanager.store.api/0.9-SNAPSHOT/org.apache.stanbol.ontologymanager.store.api-0.9-SNAPSHOT.jar:/Users/alessandro/.m2/repository/org/slf4j/slf4j-simple/1.5.2/slf4j-simple-1.5.2.jar:/Users/alessandro/.m2/repository/org/mockito/mockito-all/1.6/mockito-all-1.6.jar:/Users/alessandro/.m2/repository/com/sun/jersey/jersey-client/1.1.5.1/jersey-client-1.1.5.1.jar:/Users/alessandro/.m2/repository/org/ops4j/pax/exam/pax-exam/1.2.0/pax-exam-1.2.0.jar:/Users/alessandro/.m2/repository/org/ops4j/base/ops4j-base-lang/1.2.1/ops4j-base-lang-1.2.1.jar:/Users/alessandro/.m2/repository/org/ops4j/base/ops4j-base-store/1.2.1/ops4j-base-store-1.2.1.jar:/Users/alessandro/.m2/repository/org/ops4j/base/ops4j-base-io/1.2.1/ops4j-base-io-1.2.1.jar:/Users/alessandro/.m2/repository/org/ops4j/base/ops4j-base-monitors/1.2.1/ops4j-base-monitors-1.2.1.jar:/Users/alessandro/.m2/repository/org/ops4j/pax/exam/pax-exam-junit/1.2.0/pax-exam-junit-1.2.0.jar:/Users/alessandro/.m2/repository/org/ops4j/pax/exam/pax-exam-runtime/1.2.0/pax-exam-runtime-1.2.0.jar:/Users/alessandro/.m2/repository/org/ops4j/pax/exam/pax-exam-spi/1.2.0/pax-exam-spi-1.2.0.jar:/Users/alessandro/.m2/repository/commons-discovery/commons-discovery/0.4/commons-discovery-0.4.jar:/Users/alessandro/.m2/repository/commons-logging/commons-logging/1.1.1/commons-logging-1.1.1.jar:/Users/alessandro/.m2/repository/org/ops4j/pax/exam/pax-exam-junit-extender/1.2.0/pax-exam-junit-extender-1.2.0.jar:/Users/alessandro/.m2/repository/org/ops4j/pax/exam/pax-exam-container-default/1.2.0/pax-exam-container-default-1.2.0.jar:/Users/alessandro/.m2/repository/org/ops4j/pax/exam/pax-exam-container-rbc-client/1.2.0/pax-exam-container-rbc-client-1.2.0.jar:/Users/alessandro/.m2/repository/org/ops4j/pax/exam/pax-exam-container-rbc/1.2.0/pax-exam-container-rbc-1.2.0.jar:/Users/alessandro/.m2/repository/org/ops4j/base/ops4j-base-net/1.2.1/ops4j-base-net-1.2.1.jar:/Users/alessandro/.m2/repository/org/ops4j/pax/runner/pax-runner-no-jcl/1.3.0/pax-runner-no-jcl-1.3.0.jar:"/>
    <property name="java.vm.specification.version" value="1.0"/>
    <property name="sun.arch.data.model" value="64"/>
    <property name="java.home" value="/System/Library/Java/JavaVirtualMachines/1.6.0.jdk/Contents/Home"/>
    <property name="java.specification.vendor" value="Sun Microsystems Inc."/>
    <property name="user.language" value="en"/>
    <property name="awt.toolkit" value="apple.awt.CToolkit"/>
    <property name="java.vm.info" value="mixed mode"/>
    <property name="java.version" value="1.6.0_24"/>
    <property name="java.ext.dirs" value="/Library/Java/Extensions:/System/Library/Java/Extensions:/System/Library/Java/JavaVirtualMachines/1.6.0.jdk/Contents/Home/lib/ext"/>
    <property name="sun.boot.class.path" value="/System/Library/Java/JavaVirtualMachines/1.6.0.jdk/Contents/Classes/jsfd.jar:/System/Library/Java/JavaVirtualMachines/1.6.0.jdk/Contents/Classes/classes.jar:/System/Library/Frameworks/JavaVM.framework/Frameworks/JavaRuntimeSupport.framework/Resources/Java/JavaRuntimeSupport.jar:/System/Library/Java/JavaVirtualMachines/1.6.0.jdk/Contents/Classes/ui.jar:/System/Library/Java/JavaVirtualMachines/1.6.0.jdk/Contents/Classes/laf.jar:/System/Library/Java/JavaVirtualMachines/1.6.0.jdk/Contents/Classes/sunrsasign.jar:/System/Library/Java/JavaVirtualMachines/1.6.0.jdk/Contents/Classes/jsse.jar:/System/Library/Java/JavaVirtualMachines/1.6.0.jdk/Contents/Classes/jce.jar:/System/Library/Java/JavaVirtualMachines/1.6.0.jdk/Contents/Classes/charsets.jar"/>
    <property name="java.vendor" value="Apple Inc."/>
    <property name="localRepository" value="/Users/alessandro/.m2/repository"/>
    <property name="file.separator" value="/"/>
    <property name="java.vendor.url.bug" value="http://bugreport.apple.com/"/>
    <property name="sun.cpu.endian" value="little"/>
    <property name="sun.io.unicode.encoding" value="UnicodeLittle"/>
    <property name="mrj.version" value="1050.1.6.0_24-334"/>
    <property name="socksNonProxyHosts" value="local|*.local|169.254/16|*.169.254/16"/>
    <property name="ftp.nonProxyHosts" value="local|*.local|169.254/16|*.169.254/16"/>
    <property name="sun.cpu.isalist" value=""/>
  </properties>
  <testcase time="1.012" classname="org.apache.stanbol.ontologymanager.web.JettyServerTest" name="testGetScopes"/>
  <testcase time="0.416" classname="org.apache.stanbol.ontologymanager.web.JettyServerTest" name="testRemoval"/>
</testsuite>