<?xml version="1.0" encoding="UTF-8" ?>
<testsuite failures="0" time="1.281" errors="0" skipped="0" tests="2" name="eu.iksproject.fise.engines.opencalais.impl.TestOpenCalaisEngine">
  <properties>
    <property name="java.runtime.name" value="Java(TM) SE Runtime Environment"/>
    <property name="sun.boot.library.path" value="/System/Library/Java/JavaVirtualMachines/1.6.0.jdk/Contents/Libraries"/>
    <property name="java.vm.version" value="17.1-b03-307"/>
    <property name="awt.nativeDoubleBuffering" value="true"/>
    <property name="gopherProxySet" value="false"/>
    <property name="mrj.build" value="10M3261"/>
    <property name="java.vm.vendor" value="Apple Inc."/>
    <property name="java.vendor.url" value="http://www.apple.com/"/>
    <property name="path.separator" value=":"/>
    <property name="java.vm.name" value="Java HotSpot(TM) 64-Bit Server VM"/>
    <property name="file.encoding.pkg" value="sun.io"/>
    <property name="user.country" value="US"/>
    <property name="sun.java.launcher" value="SUN_STANDARD"/>
    <property name="sun.os.patch.level" value="unknown"/>
    <property name="java.vm.specification.name" value="Java Virtual Machine Specification"/>
    <property name="user.dir" value="/Users/westei/Documents/workspace/stanbol-fise/engines/opencalais"/>
    <property name="java.runtime.version" value="1.6.0_22-b04-307-10M3261"/>
    <property name="java.awt.graphicsenv" value="apple.awt.CGraphicsEnvironment"/>
    <property name="basedir" value="/Users/westei/Documents/workspace/stanbol-fise/engines/opencalais"/>
    <property name="java.endorsed.dirs" value="/System/Library/Java/JavaVirtualMachines/1.6.0.jdk/Contents/Home/lib/endorsed"/>
    <property name="os.arch" value="x86_64"/>
    <property name="surefire.real.class.path" value="/var/folders/tQ/tQFLyOyrGVus4GHsZS6k4E+++TI/-Tmp-/surefirebooter958698990007815405.jar"/>
    <property name="java.io.tmpdir" value="/var/folders/tQ/tQFLyOyrGVus4GHsZS6k4E+++TI/-Tmp-/"/>
    <property name="line.separator" value="
"/>
    <property name="java.vm.specification.vendor" value="Sun Microsystems Inc."/>
    <property name="os.name" value="Mac OS X"/>
    <property name="sun.jnu.encoding" value="MacRoman"/>
    <property name="java.library.path" value=".:/Library/Java/Extensions:/System/Library/Java/Extensions:/usr/lib/java"/>
    <property name="surefire.test.class.path" value="/Users/westei/Documents/workspace/stanbol-fise/engines/opencalais/target/test-classes:/Users/westei/Documents/workspace/stanbol-fise/engines/opencalais/target/classes:/Users/westei/.m2/repository/eu/iksproject/eu.iksproject.fise.servicesapi/0.9-SNAPSHOT/eu.iksproject.fise.servicesapi-0.9-SNAPSHOT.jar:/Users/westei/.m2/repository/org/apache/felix/org.apache.felix.scr.annotations/1.2.0/org.apache.felix.scr.annotations-1.2.0.jar:/Users/westei/.m2/repository/org/apache/clerezza/org.apache.clerezza.rdf.core/0.12-incubating-SNAPSHOT/org.apache.clerezza.rdf.core-0.12-incubating-SNAPSHOT.jar:/Users/westei/.m2/repository/org/osgi/org.osgi.core/4.1.0/org.osgi.core-4.1.0.jar:/Users/westei/.m2/repository/org/osgi/org.osgi.compendium/4.1.0/org.osgi.compendium-4.1.0.jar:/Users/westei/.m2/repository/org/apache/clerezza/org.apache.clerezza.utils/0.1-incubating-SNAPSHOT/org.apache.clerezza.utils-0.1-incubating-SNAPSHOT.jar:/Users/westei/.m2/repository/org/apache/httpcomponents/httpcore/4.0/httpcore-4.0.jar:/Users/westei/.m2/repository/org/wymiwyg/wymiwyg-commons-core/0.7.5/wymiwyg-commons-core-0.7.5.jar:/Users/westei/.m2/repository/commons-logging/commons-logging-api/1.1/commons-logging-api-1.1.jar:/Users/westei/.m2/repository/javax/activation/activation/1.1/activation-1.1.jar:/Users/westei/.m2/repository/com/ibm/icu/icu4j/3.4.4/icu4j-3.4.4.jar:/Users/westei/.m2/repository/org/slf4j/slf4j-api/1.5.2/slf4j-api-1.5.2.jar:/Users/westei/.m2/repository/org/apache/clerezza/org.apache.clerezza.rdf.jena.parser/0.10-incubating-SNAPSHOT/org.apache.clerezza.rdf.jena.parser-0.10-incubating-SNAPSHOT.jar:/Users/westei/.m2/repository/org/apache/clerezza/org.apache.clerezza.rdf.jena.facade/0.12-incubating-SNAPSHOT/org.apache.clerezza.rdf.jena.facade-0.12-incubating-SNAPSHOT.jar:/Users/westei/.m2/repository/org/apache/clerezza/org.apache.clerezza.rdf.jena.commons/0.5-incubating-SNAPSHOT/org.apache.clerezza.rdf.jena.commons-0.5-incubating-SNAPSHOT.jar:/Users/westei/.m2/repository/com/hp/hpl/jena/jena/2.6.3/jena-2.6.3.jar:/Users/westei/.m2/repository/com/hp/hpl/jena/iri/0.8/iri-0.8.jar:/Users/westei/.m2/repository/com/hp/hpl/jena/iri/0.8/iri-0.8-sources.jar:/Users/westei/.m2/repository/xerces/xercesImpl/2.7.1/xercesImpl-2.7.1.jar:/Users/westei/.m2/repository/log4j/log4j/1.2.13/log4j-1.2.13.jar:/Users/westei/.m2/repository/org/apache/clerezza/org.apache.clerezza.rdf.jena.sparql/0.5-incubating-SNAPSHOT/org.apache.clerezza.rdf.jena.sparql-0.5-incubating-SNAPSHOT.jar:/Users/westei/.m2/repository/org/apache/clerezza/org.apache.clerezza.rdf.jena.storage/0.5-incubating-SNAPSHOT/org.apache.clerezza.rdf.jena.storage-0.5-incubating-SNAPSHOT.jar:/Users/westei/.m2/repository/com/hp/hpl/jena/arq/2.8.5/arq-2.8.5.jar:/Users/westei/.m2/repository/com/hp/hpl/jena/jena/2.6.3/jena-2.6.3-sources.jar:/Users/westei/.m2/repository/com/hp/hpl/jena/jena/2.6.3/jena-2.6.3-test-sources.jar:/Users/westei/.m2/repository/org/codehaus/woodstox/wstx-asl/3.2.9/wstx-asl-3.2.9.jar:/Users/westei/.m2/repository/stax/stax-api/1.0.1/stax-api-1.0.1.jar:/Users/westei/.m2/repository/org/apache/lucene/lucene-core/3.0.1/lucene-core-3.0.1.jar:/Users/westei/.m2/repository/org/slf4j/slf4j-simple/1.5.2/slf4j-simple-1.5.2.jar:/Users/westei/.m2/repository/commons-io/commons-io/1.4/commons-io-1.4.jar:/Users/westei/.m2/repository/junit/junit/4.7/junit-4.7.jar:"/>
    <property name="java.specification.name" value="Java Platform API Specification"/>
    <property name="java.class.version" value="50.0"/>
    <property name="sun.management.compiler" value="HotSpot 64-Bit Server Compiler"/>
    <property name="os.version" value="10.6.6"/>
    <property name="http.nonProxyHosts" value="local|*.local|169.254/16|*.169.254/16"/>
    <property name="user.home" value="/Users/westei"/>
    <property name="user.timezone" value="Europe/Vienna"/>
    <property name="java.awt.printerjob" value="apple.awt.CPrinterJob"/>
    <property name="java.specification.version" value="1.6"/>
    <property name="file.encoding" value="MacRoman"/>
    <property name="user.name" value="westei"/>
    <property name="java.class.path" value="/Users/westei/Documents/workspace/stanbol-fise/engines/opencalais/target/test-classes:/Users/westei/Documents/workspace/stanbol-fise/engines/opencalais/target/classes:/Users/westei/.m2/repository/eu/iksproject/eu.iksproject.fise.servicesapi/0.9-SNAPSHOT/eu.iksproject.fise.servicesapi-0.9-SNAPSHOT.jar:/Users/westei/.m2/repository/org/apache/felix/org.apache.felix.scr.annotations/1.2.0/org.apache.felix.scr.annotations-1.2.0.jar:/Users/westei/.m2/repository/org/apache/clerezza/org.apache.clerezza.rdf.core/0.12-incubating-SNAPSHOT/org.apache.clerezza.rdf.core-0.12-incubating-SNAPSHOT.jar:/Users/westei/.m2/repository/org/osgi/org.osgi.core/4.1.0/org.osgi.core-4.1.0.jar:/Users/westei/.m2/repository/org/osgi/org.osgi.compendium/4.1.0/org.osgi.compendium-4.1.0.jar:/Users/westei/.m2/repository/org/apache/clerezza/org.apache.clerezza.utils/0.1-incubating-SNAPSHOT/org.apache.clerezza.utils-0.1-incubating-SNAPSHOT.jar:/Users/westei/.m2/repository/org/apache/httpcomponents/httpcore/4.0/httpcore-4.0.jar:/Users/westei/.m2/repository/org/wymiwyg/wymiwyg-commons-core/0.7.5/wymiwyg-commons-core-0.7.5.jar:/Users/westei/.m2/repository/commons-logging/commons-logging-api/1.1/commons-logging-api-1.1.jar:/Users/westei/.m2/repository/javax/activation/activation/1.1/activation-1.1.jar:/Users/westei/.m2/repository/com/ibm/icu/icu4j/3.4.4/icu4j-3.4.4.jar:/Users/westei/.m2/repository/org/slf4j/slf4j-api/1.5.2/slf4j-api-1.5.2.jar:/Users/westei/.m2/repository/org/apache/clerezza/org.apache.clerezza.rdf.jena.parser/0.10-incubating-SNAPSHOT/org.apache.clerezza.rdf.jena.parser-0.10-incubating-SNAPSHOT.jar:/Users/westei/.m2/repository/org/apache/clerezza/org.apache.clerezza.rdf.jena.facade/0.12-incubating-SNAPSHOT/org.apache.clerezza.rdf.jena.facade-0.12-incubating-SNAPSHOT.jar:/Users/westei/.m2/repository/org/apache/clerezza/org.apache.clerezza.rdf.jena.commons/0.5-incubating-SNAPSHOT/org.apache.clerezza.rdf.jena.commons-0.5-incubating-SNAPSHOT.jar:/Users/westei/.m2/repository/com/hp/hpl/jena/jena/2.6.3/jena-2.6.3.jar:/Users/westei/.m2/repository/com/hp/hpl/jena/iri/0.8/iri-0.8.jar:/Users/westei/.m2/repository/com/hp/hpl/jena/iri/0.8/iri-0.8-sources.jar:/Users/westei/.m2/repository/xerces/xercesImpl/2.7.1/xercesImpl-2.7.1.jar:/Users/westei/.m2/repository/log4j/log4j/1.2.13/log4j-1.2.13.jar:/Users/westei/.m2/repository/org/apache/clerezza/org.apache.clerezza.rdf.jena.sparql/0.5-incubating-SNAPSHOT/org.apache.clerezza.rdf.jena.sparql-0.5-incubating-SNAPSHOT.jar:/Users/westei/.m2/repository/org/apache/clerezza/org.apache.clerezza.rdf.jena.storage/0.5-incubating-SNAPSHOT/org.apache.clerezza.rdf.jena.storage-0.5-incubating-SNAPSHOT.jar:/Users/westei/.m2/repository/com/hp/hpl/jena/arq/2.8.5/arq-2.8.5.jar:/Users/westei/.m2/repository/com/hp/hpl/jena/jena/2.6.3/jena-2.6.3-sources.jar:/Users/westei/.m2/repository/com/hp/hpl/jena/jena/2.6.3/jena-2.6.3-test-sources.jar:/Users/westei/.m2/repository/org/codehaus/woodstox/wstx-asl/3.2.9/wstx-asl-3.2.9.jar:/Users/westei/.m2/repository/stax/stax-api/1.0.1/stax-api-1.0.1.jar:/Users/westei/.m2/repository/org/apache/lucene/lucene-core/3.0.1/lucene-core-3.0.1.jar:/Users/westei/.m2/repository/org/slf4j/slf4j-simple/1.5.2/slf4j-simple-1.5.2.jar:/Users/westei/.m2/repository/commons-io/commons-io/1.4/commons-io-1.4.jar:/Users/westei/.m2/repository/junit/junit/4.7/junit-4.7.jar:"/>
    <property name="java.vm.specification.version" value="1.0"/>
    <property name="sun.arch.data.model" value="64"/>
    <property name="java.home" value="/System/Library/Java/JavaVirtualMachines/1.6.0.jdk/Contents/Home"/>
    <property name="java.specification.vendor" value="Sun Microsystems Inc."/>
    <property name="user.language" value="en"/>
    <property name="awt.toolkit" value="apple.awt.CToolkit"/>
    <property name="java.vm.info" value="mixed mode"/>
    <property name="java.version" value="1.6.0_22"/>
    <property name="java.ext.dirs" value="/Library/Java/Extensions:/System/Library/Java/Extensions:/System/Library/Java/JavaVirtualMachines/1.6.0.jdk/Contents/Home/lib/ext"/>
    <property name="sun.boot.class.path" value="/System/Library/Java/JavaVirtualMachines/1.6.0.jdk/Contents/Classes/jsfd.jar:/System/Library/Java/JavaVirtualMachines/1.6.0.jdk/Contents/Classes/classes.jar:/System/Library/Frameworks/JavaVM.framework/Frameworks/JavaRuntimeSupport.framework/Resources/Java/JavaRuntimeSupport.jar:/System/Library/Java/JavaVirtualMachines/1.6.0.jdk/Contents/Classes/ui.jar:/System/Library/Java/JavaVirtualMachines/1.6.0.jdk/Contents/Classes/laf.jar:/System/Library/Java/JavaVirtualMachines/1.6.0.jdk/Contents/Classes/sunrsasign.jar:/System/Library/Java/JavaVirtualMachines/1.6.0.jdk/Contents/Classes/jsse.jar:/System/Library/Java/JavaVirtualMachines/1.6.0.jdk/Contents/Classes/jce.jar:/System/Library/Java/JavaVirtualMachines/1.6.0.jdk/Contents/Classes/charsets.jar"/>
    <property name="java.vendor" value="Apple Inc."/>
    <property name="localRepository" value="/Users/westei/.m2/repository"/>
    <property name="file.separator" value="/"/>
    <property name="java.vendor.url.bug" value="http://bugreport.apple.com/"/>
    <property name="sun.cpu.endian" value="little"/>
    <property name="sun.io.unicode.encoding" value="UnicodeLittle"/>
    <property name="mrj.version" value="1060.1.6.0_22-307"/>
    <property name="socksNonProxyHosts" value="local|*.local|169.254/16|*.169.254/16"/>
    <property name="ftp.nonProxyHosts" value="local|*.local|169.254/16|*.169.254/16"/>
    <property name="sun.cpu.isalist" value=""/>
  </properties>
  <testcase time="1.145" classname="eu.iksproject.fise.engines.opencalais.impl.TestOpenCalaisEngine" name="testEntityExtraction"/>
  <testcase time="0.005" classname="eu.iksproject.fise.engines.opencalais.impl.TestOpenCalaisEngine" name="testCalaisConnection"/>
</testsuite>